2023-04-19 11:32:33,061 INFO server.py Получен запрос на соединение от ('127.0.0.1', 57032)
2023-04-19 11:32:55,924 INFO server.py Получен запрос на соединение от ('127.0.0.1', 42352)
2023-04-19 11:33:09,986 INFO server.py Client leaved the chat
2023-04-19 11:52:23,833 INFO server.py Получен запрос на соединение от ('127.0.0.1', 42730)
2023-04-19 11:53:04,736 INFO server.py Получен запрос на соединение от ('127.0.0.1', 58742)
2023-04-19 11:53:13,324 INFO server.py fgh
2023-04-19 11:53:17,676 INFO server.py Получен запрос на соединение от ('127.0.0.1', 35968)
2023-04-19 11:54:47,419 INFO server.py Получен запрос на соединение от ('127.0.0.1', 35000)
2023-04-19 11:54:55,615 INFO server.py fgh
2023-04-19 11:54:58,352 INFO server.py Получен запрос на соединение от ('127.0.0.1', 38506)
2023-04-20 10:20:41,709 INFO server.py Получен запрос на соединение от ('127.0.0.1', 59566)
2023-04-20 10:20:41,714 INFO server.py function was called: process_message
2023-04-20 10:23:04,587 INFO server.py Получен запрос на соединение от ('127.0.0.1', 39124)
2023-04-20 10:23:04,589 INFO server.py function was called: process_message
2023-04-20 10:25:03,475 INFO server.py Получен запрос на соединение от ('127.0.0.1', 35366)
2023-04-20 10:25:03,476 INFO server.py function was called: process_message
2023-04-20 10:27:43,646 INFO server.py Получен запрос на соединение от ('127.0.0.1', 46206)
2023-04-20 10:27:43,648 INFO server.py function was called: process_message
2023-04-20 10:32:18,838 INFO server.py Получен запрос на соединение от ('127.0.0.1', 42784)
2023-04-20 10:32:18,842 INFO server.py function was called: process_message
2023-04-20 10:33:28,817 INFO server.py Получен запрос на соединение от ('127.0.0.1', 59824)
2023-04-20 10:33:28,818 INFO server.py function was called: process_message
2023-04-20 10:33:37,072 INFO server.py fg
2023-04-20 10:33:42,782 INFO server.py Получен запрос на соединение от ('127.0.0.1', 55690)
2023-04-20 10:33:42,782 INFO server.py function was called: process_message
2023-04-20 10:39:09,035 INFO server.py Получен запрос на соединение от ('127.0.0.1', 59760)
2023-04-20 10:39:09,037 INFO server.py function was called: process_message
2023-04-20 10:39:32,066 INFO server.py Получен запрос на соединение от ('127.0.0.1', 53820)
2023-04-20 10:39:32,066 INFO server.py function was called: process_message
2023-04-20 10:39:39,814 INFO server.py Client leaved the chat
2023-04-20 10:41:10,110 INFO server.py Получен запрос на соединение от ('127.0.0.1', 38372)
2023-04-20 10:43:47,610 INFO server.py function was called: process_message
2023-04-20 10:43:50,801 INFO server.py Получен запрос на соединение от ('127.0.0.1', 39426)
2023-04-20 10:43:58,736 INFO server.py Client leaved the chat
2023-04-20 10:43:58,736 INFO server.py function was called: process_message
2023-04-25 17:19:09,970 INFO server.py function was called: new_socket
2023-04-25 17:19:20,178 INFO server.py function was called: read_requests
2023-04-25 17:19:20,180 INFO server.py function was called: read_requests
2023-04-25 17:19:20,180 INFO server.py function was called: write_responses
2023-04-25 17:19:20,381 INFO server.py function was called: read_requests
2023-04-25 17:19:20,582 INFO server.py function was called: read_requests
2023-04-25 17:19:20,782 INFO server.py function was called: read_requests
2023-04-25 17:19:20,982 INFO server.py function was called: read_requests
2023-04-25 17:19:21,183 INFO server.py function was called: read_requests
2023-04-25 17:19:21,383 INFO server.py function was called: read_requests
2023-04-25 17:19:21,584 INFO server.py function was called: read_requests
2023-04-25 17:19:21,785 INFO server.py function was called: read_requests
2023-04-25 17:19:21,985 INFO server.py function was called: read_requests
2023-04-25 17:19:22,186 INFO server.py function was called: read_requests
2023-04-25 17:19:22,387 INFO server.py function was called: read_requests
2023-04-25 17:19:22,587 INFO server.py function was called: read_requests
2023-04-25 17:19:22,789 INFO server.py function was called: read_requests
2023-04-25 17:19:22,990 INFO server.py function was called: read_requests
2023-04-25 17:19:23,190 INFO server.py function was called: read_requests
2023-04-25 17:19:23,391 INFO server.py function was called: read_requests
2023-04-25 17:19:23,592 INFO server.py function was called: read_requests
2023-04-25 17:19:23,690 INFO server.py function was called: read_requests
2023-04-25 17:19:23,890 INFO server.py function was called: read_requests
2023-04-25 17:19:24,091 INFO server.py function was called: read_requests
2023-04-25 17:19:24,292 INFO server.py function was called: read_requests
2023-04-25 17:19:24,492 INFO server.py function was called: read_requests
2023-04-25 17:19:24,693 INFO server.py function was called: read_requests
2023-04-25 17:19:24,894 INFO server.py function was called: read_requests
2023-04-25 17:19:25,094 INFO server.py function was called: read_requests
2023-04-25 17:19:25,295 INFO server.py function was called: read_requests
2023-04-25 17:19:25,495 INFO server.py function was called: read_requests
2023-04-25 17:19:25,696 INFO server.py function was called: read_requests
2023-04-25 17:19:25,896 INFO server.py function was called: read_requests
2023-04-25 17:19:26,097 INFO server.py function was called: read_requests
2023-04-25 17:19:26,297 INFO server.py function was called: read_requests
2023-04-25 17:19:26,498 INFO server.py function was called: read_requests
2023-04-25 17:19:26,699 INFO server.py function was called: read_requests
2023-04-25 17:19:26,899 INFO server.py function was called: read_requests
2023-04-25 17:19:27,100 INFO server.py function was called: read_requests
2023-04-25 17:19:27,301 INFO server.py function was called: read_requests
2023-04-25 17:19:27,502 INFO server.py function was called: read_requests
2023-04-25 17:19:27,703 INFO server.py function was called: read_requests
2023-04-25 17:19:27,903 INFO server.py function was called: read_requests
2023-04-25 17:19:28,104 INFO server.py function was called: read_requests
2023-04-25 17:19:28,304 INFO server.py function was called: read_requests
2023-04-25 17:19:28,505 INFO server.py function was called: read_requests
2023-04-25 17:19:28,705 INFO server.py function was called: read_requests
2023-04-25 17:19:28,906 INFO server.py function was called: read_requests
2023-04-25 17:19:29,106 INFO server.py function was called: read_requests
2023-04-25 17:19:29,307 INFO server.py function was called: read_requests
2023-04-25 17:19:29,508 INFO server.py function was called: read_requests
2023-04-25 17:19:29,708 INFO server.py function was called: read_requests
2023-04-25 17:19:29,909 INFO server.py function was called: read_requests
2023-04-25 17:19:30,110 INFO server.py function was called: read_requests
2023-04-25 17:19:30,310 INFO server.py function was called: read_requests
2023-04-25 17:19:30,511 INFO server.py function was called: read_requests
2023-04-25 17:19:30,511 INFO server.py function was called: write_responses
2023-04-25 17:19:30,712 INFO server.py function was called: read_requests
2023-04-25 17:19:30,913 INFO server.py function was called: read_requests
2023-04-25 17:19:31,114 INFO server.py function was called: read_requests
2023-04-25 17:19:31,314 INFO server.py function was called: read_requests
2023-04-25 17:19:31,515 INFO server.py function was called: read_requests
2023-04-25 17:19:31,715 INFO server.py function was called: read_requests
2023-04-25 17:19:31,915 INFO server.py function was called: read_requests
2023-04-25 17:19:32,116 INFO server.py function was called: read_requests
2023-04-25 17:19:32,316 INFO server.py function was called: read_requests
2023-04-25 17:19:32,517 INFO server.py function was called: read_requests
2023-04-25 17:19:32,717 INFO server.py function was called: read_requests
2023-04-25 17:19:32,918 INFO server.py function was called: read_requests
2023-04-25 17:19:33,119 INFO server.py function was called: read_requests
2023-04-25 17:19:33,320 INFO server.py function was called: read_requests
2023-04-25 17:19:33,521 INFO server.py function was called: read_requests
2023-04-25 17:19:33,721 INFO server.py function was called: read_requests
2023-04-25 17:19:33,921 INFO server.py function was called: read_requests
2023-04-25 17:19:34,123 INFO server.py function was called: read_requests
2023-04-25 17:19:34,323 INFO server.py function was called: read_requests
2023-04-25 17:19:34,523 INFO server.py function was called: read_requests
2023-04-25 17:19:34,724 INFO server.py function was called: read_requests
2023-04-25 17:19:34,924 INFO server.py function was called: read_requests
2023-04-25 17:19:35,125 INFO server.py function was called: read_requests
2023-04-25 17:19:35,325 INFO server.py function was called: read_requests
2023-04-25 17:19:35,526 INFO server.py function was called: read_requests
2023-04-25 17:19:35,726 INFO server.py function was called: read_requests
2023-04-25 17:19:35,927 INFO server.py function was called: read_requests
2023-04-25 17:19:36,128 INFO server.py function was called: read_requests
2023-04-25 17:19:36,329 INFO server.py function was called: read_requests
2023-04-25 17:19:36,530 INFO server.py function was called: read_requests
2023-04-25 17:19:36,731 INFO server.py function was called: read_requests
2023-04-25 17:19:36,932 INFO server.py function was called: read_requests
2023-04-25 17:19:37,133 INFO server.py function was called: read_requests
2023-04-25 17:19:37,334 INFO server.py function was called: read_requests
2023-04-25 17:19:37,535 INFO server.py function was called: read_requests
2023-04-25 17:19:37,735 INFO server.py function was called: read_requests
2023-04-25 17:19:37,936 INFO server.py function was called: read_requests
2023-04-25 17:19:38,136 INFO server.py function was called: read_requests
2023-04-25 17:19:38,337 INFO server.py function was called: read_requests
2023-04-25 17:19:38,538 INFO server.py function was called: read_requests
2023-04-25 17:19:38,738 INFO server.py function was called: read_requests
2023-04-25 17:19:38,939 INFO server.py function was called: read_requests
2023-04-25 17:19:39,139 INFO server.py function was called: read_requests
2023-04-25 17:19:39,340 INFO server.py function was called: read_requests
2023-04-25 17:19:39,541 INFO server.py function was called: read_requests
2023-04-25 17:19:39,742 INFO server.py function was called: read_requests
2023-04-25 17:19:39,942 INFO server.py function was called: read_requests
2023-04-25 17:19:40,143 INFO server.py function was called: read_requests
2023-04-25 17:19:40,344 INFO server.py function was called: read_requests
2023-04-25 17:19:40,544 INFO server.py function was called: read_requests
2023-04-25 17:19:40,746 INFO server.py function was called: read_requests
2023-04-25 17:19:40,946 INFO server.py function was called: read_requests
2023-04-25 17:19:41,147 INFO server.py function was called: read_requests
2023-04-25 17:19:41,347 INFO server.py function was called: read_requests
2023-04-25 17:19:41,548 INFO server.py function was called: read_requests
2023-04-25 17:19:41,749 INFO server.py function was called: read_requests
2023-04-25 17:19:41,950 INFO server.py function was called: read_requests
2023-04-25 17:19:42,151 INFO server.py function was called: read_requests
2023-04-25 17:19:42,352 INFO server.py function was called: read_requests
2023-04-25 17:19:42,553 INFO server.py function was called: read_requests
2023-04-25 17:19:42,754 INFO server.py function was called: read_requests
2023-04-25 17:19:42,955 INFO server.py function was called: read_requests
2023-04-25 17:19:43,156 INFO server.py function was called: read_requests
2023-04-25 17:19:43,357 INFO server.py function was called: read_requests
2023-04-25 17:19:43,558 INFO server.py function was called: read_requests
2023-04-25 17:19:43,759 INFO server.py function was called: read_requests
2023-04-25 17:19:43,960 INFO server.py function was called: read_requests
2023-04-25 17:19:44,160 INFO server.py function was called: read_requests
2023-04-25 17:19:44,361 INFO server.py function was called: read_requests
2023-04-25 17:19:44,561 INFO server.py function was called: read_requests
2023-04-25 17:19:44,761 INFO server.py function was called: read_requests
2023-04-25 17:19:44,962 INFO server.py function was called: read_requests
2023-04-25 17:19:45,163 INFO server.py function was called: read_requests
2023-04-25 17:19:45,363 INFO server.py function was called: read_requests
2023-04-25 17:19:45,564 INFO server.py function was called: read_requests
2023-04-25 17:19:45,764 INFO server.py function was called: read_requests
2023-04-25 17:19:45,965 INFO server.py function was called: read_requests
2023-04-25 17:19:46,165 INFO server.py function was called: read_requests
2023-04-25 17:19:46,365 INFO server.py function was called: read_requests
2023-04-25 17:19:46,566 INFO server.py function was called: read_requests
2023-04-25 17:19:46,766 INFO server.py function was called: read_requests
2023-04-25 17:19:46,967 INFO server.py function was called: read_requests
2023-04-25 17:19:47,167 INFO server.py function was called: read_requests
2023-04-25 17:19:47,368 INFO server.py function was called: read_requests
2023-04-25 17:19:47,568 INFO server.py function was called: read_requests
2023-04-25 17:19:47,768 INFO server.py function was called: read_requests
2023-04-25 17:19:47,969 INFO server.py function was called: read_requests
2023-04-25 17:19:48,169 INFO server.py function was called: read_requests
2023-04-25 17:19:48,370 INFO server.py function was called: read_requests
2023-04-25 17:19:48,570 INFO server.py function was called: read_requests
2023-04-25 17:19:48,771 INFO server.py function was called: read_requests
2023-04-25 17:19:48,971 INFO server.py function was called: read_requests
2023-04-25 17:19:49,172 INFO server.py function was called: read_requests
2023-04-25 17:19:49,373 INFO server.py function was called: read_requests
2023-04-25 17:19:49,573 INFO server.py function was called: read_requests
2023-04-25 17:19:49,774 INFO server.py function was called: read_requests
2023-04-25 17:19:49,975 INFO server.py function was called: read_requests
2023-04-25 17:19:50,175 INFO server.py function was called: read_requests
2023-04-25 17:19:50,376 INFO server.py function was called: read_requests
2023-04-25 17:19:50,576 INFO server.py function was called: read_requests
2023-04-25 17:19:50,776 INFO server.py function was called: read_requests
2023-04-25 17:19:50,977 INFO server.py function was called: read_requests
2023-04-25 17:19:51,177 INFO server.py function was called: read_requests
2023-04-25 17:19:51,378 INFO server.py function was called: read_requests
2023-04-25 17:19:51,578 INFO server.py function was called: read_requests
2023-04-25 17:19:51,779 INFO server.py function was called: read_requests
2023-04-25 17:19:51,979 INFO server.py function was called: read_requests
2023-04-25 17:19:52,180 INFO server.py function was called: read_requests
2023-04-25 17:19:52,380 INFO server.py function was called: read_requests
2023-04-25 17:19:52,582 INFO server.py function was called: read_requests
2023-04-25 17:19:52,783 INFO server.py function was called: read_requests
2023-04-25 17:19:52,983 INFO server.py function was called: read_requests
2023-04-25 17:19:53,183 INFO server.py function was called: read_requests
2023-04-25 17:19:53,384 INFO server.py function was called: read_requests
2023-04-25 17:19:53,586 INFO server.py function was called: read_requests
2023-04-25 17:19:53,786 INFO server.py function was called: read_requests
2023-04-25 17:19:53,987 INFO server.py function was called: read_requests
2023-04-25 17:19:54,187 INFO server.py function was called: read_requests
2023-04-25 17:19:54,388 INFO server.py function was called: read_requests
2023-04-25 17:19:54,589 INFO server.py function was called: read_requests
2023-04-25 17:19:54,790 INFO server.py function was called: read_requests
2023-04-25 17:19:54,991 INFO server.py function was called: read_requests
2023-04-25 17:19:55,191 INFO server.py function was called: read_requests
2023-04-25 17:19:55,392 INFO server.py function was called: read_requests
2023-04-25 17:19:55,592 INFO server.py function was called: read_requests
2023-04-25 17:19:55,793 INFO server.py function was called: read_requests
2023-04-25 17:19:55,993 INFO server.py function was called: read_requests
2023-04-25 17:19:56,193 INFO server.py function was called: read_requests
2023-04-25 17:19:56,394 INFO server.py function was called: read_requests
2023-04-25 17:19:56,594 INFO server.py function was called: read_requests
2023-04-25 17:19:56,795 INFO server.py function was called: read_requests
2023-04-25 17:19:56,995 INFO server.py function was called: read_requests
2023-04-25 17:19:57,196 INFO server.py function was called: read_requests
2023-04-25 17:19:57,396 INFO server.py function was called: read_requests
2023-04-25 17:19:57,596 INFO server.py function was called: read_requests
2023-04-25 17:19:57,797 INFO server.py function was called: read_requests
2023-04-25 17:19:57,998 INFO server.py function was called: read_requests
2023-04-25 17:19:58,199 INFO server.py function was called: read_requests
2023-04-25 17:19:58,400 INFO server.py function was called: read_requests
2023-04-25 17:19:58,600 INFO server.py function was called: read_requests
2023-04-25 17:19:58,801 INFO server.py function was called: read_requests
2023-04-25 17:19:59,001 INFO server.py function was called: read_requests
2023-04-25 17:19:59,201 INFO server.py function was called: read_requests
2023-04-25 17:19:59,402 INFO server.py function was called: read_requests
2023-04-25 17:19:59,603 INFO server.py function was called: read_requests
2023-04-25 17:19:59,804 INFO server.py function was called: read_requests
2023-04-25 17:20:00,005 INFO server.py function was called: read_requests
2023-04-25 17:20:00,206 INFO server.py function was called: read_requests
2023-04-25 17:20:00,406 INFO server.py function was called: read_requests
2023-04-25 17:20:00,607 INFO server.py function was called: read_requests
2023-04-25 17:20:00,807 INFO server.py function was called: read_requests
2023-04-25 17:20:01,008 INFO server.py function was called: read_requests
2023-04-25 17:20:01,209 INFO server.py function was called: read_requests
2023-04-25 17:20:01,409 INFO server.py function was called: read_requests
2023-04-25 17:20:01,610 INFO server.py function was called: read_requests
2023-04-25 17:20:01,810 INFO server.py function was called: read_requests
2023-04-25 17:20:02,011 INFO server.py function was called: read_requests
2023-04-25 17:20:02,211 INFO server.py function was called: read_requests
2023-04-25 17:20:02,412 INFO server.py function was called: read_requests
2023-04-25 17:20:02,612 INFO server.py function was called: read_requests
2023-04-25 17:20:02,813 INFO server.py function was called: read_requests
2023-04-25 17:20:03,013 INFO server.py function was called: read_requests
2023-04-25 17:20:03,214 INFO server.py function was called: read_requests
2023-04-25 17:20:03,414 INFO server.py function was called: read_requests
2023-04-25 17:20:03,615 INFO server.py function was called: read_requests
2023-04-25 17:20:03,817 INFO server.py function was called: read_requests
2023-04-25 17:20:04,018 INFO server.py function was called: read_requests
2023-04-25 17:20:04,221 INFO server.py function was called: read_requests
2023-04-25 17:20:04,421 INFO server.py function was called: read_requests
2023-04-25 17:20:04,623 INFO server.py function was called: read_requests
2023-04-25 17:20:04,824 INFO server.py function was called: read_requests
2023-04-25 17:20:05,024 INFO server.py function was called: read_requests
2023-04-25 17:20:05,226 INFO server.py function was called: read_requests
2023-04-25 17:20:05,426 INFO server.py function was called: read_requests
2023-04-25 17:20:05,628 INFO server.py function was called: read_requests
2023-04-25 17:20:05,828 INFO server.py function was called: read_requests
2023-04-25 17:20:06,029 INFO server.py function was called: read_requests
2023-04-25 17:20:06,230 INFO server.py function was called: read_requests
2023-04-25 17:20:06,430 INFO server.py function was called: read_requests
2023-04-25 17:20:06,631 INFO server.py function was called: read_requests
2023-04-25 17:20:06,831 INFO server.py function was called: read_requests
2023-04-25 17:20:07,032 INFO server.py function was called: read_requests
2023-04-25 17:20:07,233 INFO server.py function was called: read_requests
2023-04-25 17:20:07,433 INFO server.py function was called: read_requests
2023-04-25 17:20:07,634 INFO server.py function was called: read_requests
2023-04-25 17:20:07,835 INFO server.py function was called: read_requests
2023-04-25 17:20:08,035 INFO server.py function was called: read_requests
2023-04-25 17:20:08,236 INFO server.py function was called: read_requests
2023-04-25 17:20:08,437 INFO server.py function was called: read_requests
2023-04-25 17:20:08,638 INFO server.py function was called: read_requests
2023-04-25 17:20:08,838 INFO server.py function was called: read_requests
2023-04-25 17:20:09,039 INFO server.py function was called: read_requests
2023-04-25 17:20:09,239 INFO server.py function was called: read_requests
2023-04-25 17:20:09,441 INFO server.py function was called: read_requests
2023-04-25 17:20:09,642 INFO server.py function was called: read_requests
2023-04-25 17:20:09,842 INFO server.py function was called: read_requests
2023-04-25 17:20:10,043 INFO server.py function was called: read_requests
2023-04-25 17:20:10,243 INFO server.py function was called: read_requests
2023-04-25 17:20:10,443 INFO server.py function was called: read_requests
2023-04-25 17:20:10,644 INFO server.py function was called: read_requests
2023-04-25 17:20:10,844 INFO server.py function was called: read_requests
2023-04-25 17:20:11,045 INFO server.py function was called: read_requests
2023-04-25 17:20:11,245 INFO server.py function was called: read_requests
2023-04-25 17:20:11,446 INFO server.py function was called: read_requests
2023-04-25 17:20:11,646 INFO server.py function was called: read_requests
2023-04-25 17:20:11,846 INFO server.py function was called: read_requests
2023-04-25 17:20:12,047 INFO server.py function was called: read_requests
2023-04-25 17:20:12,247 INFO server.py function was called: read_requests
2023-04-25 17:20:12,447 INFO server.py function was called: read_requests
2023-04-25 17:20:12,649 INFO server.py function was called: read_requests
2023-04-25 17:20:12,849 INFO server.py function was called: read_requests
2023-04-25 17:20:13,051 INFO server.py function was called: read_requests
2023-04-25 17:20:13,251 INFO server.py function was called: read_requests
2023-04-25 17:20:13,452 INFO server.py function was called: read_requests
2023-04-25 17:20:13,652 INFO server.py function was called: read_requests
2023-04-25 17:20:13,853 INFO server.py function was called: read_requests
2023-04-25 17:20:14,053 INFO server.py function was called: read_requests
2023-04-25 17:20:14,254 INFO server.py function was called: read_requests
2023-04-25 17:20:14,454 INFO server.py function was called: read_requests
2023-04-25 17:20:14,655 INFO server.py function was called: read_requests
2023-04-25 17:20:14,856 INFO server.py function was called: read_requests
2023-04-25 17:20:15,056 INFO server.py function was called: read_requests
2023-04-25 17:20:15,258 INFO server.py function was called: read_requests
2023-04-25 17:20:15,458 INFO server.py function was called: read_requests
2023-04-25 17:20:15,658 INFO server.py function was called: read_requests
2023-04-25 17:20:15,859 INFO server.py function was called: read_requests
2023-04-25 17:20:16,060 INFO server.py function was called: read_requests
2023-04-25 17:20:16,261 INFO server.py function was called: read_requests
2023-04-25 17:20:16,462 INFO server.py function was called: read_requests
2023-04-25 17:20:16,553 INFO server.py function was called: read_requests
2023-04-25 17:28:53,459 INFO server.py function was called: new_socket
2023-04-25 17:29:03,671 INFO server.py function was called: read_requests
2023-04-25 17:29:03,673 INFO server.py function was called: read_requests
2023-04-25 17:29:03,673 INFO server.py function was called: write_responses
2023-04-25 17:29:03,874 INFO server.py function was called: read_requests
2023-04-25 17:29:04,074 INFO server.py function was called: read_requests
2023-04-25 17:29:04,275 INFO server.py function was called: read_requests
2023-04-25 17:29:04,475 INFO server.py function was called: read_requests
2023-04-25 17:29:04,574 INFO server.py function was called: read_requests
2023-04-25 17:29:04,774 INFO server.py function was called: read_requests
2023-04-25 17:29:04,975 INFO server.py function was called: read_requests
2023-04-25 17:29:05,176 INFO server.py function was called: read_requests
2023-04-25 17:29:05,377 INFO server.py function was called: read_requests
2023-04-25 17:29:05,578 INFO server.py function was called: read_requests
2023-04-25 17:29:05,778 INFO server.py function was called: read_requests
2023-04-25 17:29:05,978 INFO server.py function was called: read_requests
2023-04-25 17:29:06,179 INFO server.py function was called: read_requests
2023-04-25 17:29:06,380 INFO server.py function was called: read_requests
2023-04-25 17:29:06,580 INFO server.py function was called: read_requests
2023-04-25 17:29:06,781 INFO server.py function was called: read_requests
2023-04-25 17:29:06,981 INFO server.py function was called: read_requests
2023-04-25 17:29:07,182 INFO server.py function was called: read_requests
2023-04-25 17:29:07,384 INFO server.py function was called: read_requests
2023-04-25 17:29:07,584 INFO server.py function was called: read_requests
2023-04-25 17:29:07,784 INFO server.py function was called: read_requests
2023-04-25 17:29:07,985 INFO server.py function was called: read_requests
2023-04-25 17:29:08,186 INFO server.py function was called: read_requests
2023-04-25 17:29:08,386 INFO server.py function was called: read_requests
2023-04-25 17:29:08,587 INFO server.py function was called: read_requests
2023-04-25 17:29:08,788 INFO server.py function was called: read_requests
2023-04-25 17:29:08,989 INFO server.py function was called: read_requests
2023-04-25 17:29:09,190 INFO server.py function was called: read_requests
2023-04-25 17:29:09,391 INFO server.py function was called: read_requests
2023-04-25 17:29:09,591 INFO server.py function was called: read_requests
2023-04-25 17:29:09,791 INFO server.py function was called: read_requests
2023-04-25 17:29:09,992 INFO server.py function was called: read_requests
2023-04-25 17:29:10,192 INFO server.py function was called: read_requests
2023-04-25 17:29:10,393 INFO server.py function was called: read_requests
2023-04-25 17:29:10,593 INFO server.py function was called: read_requests
2023-04-25 17:29:10,794 INFO server.py function was called: read_requests
2023-04-25 17:29:10,995 INFO server.py function was called: read_requests
2023-04-25 17:29:11,195 INFO server.py function was called: read_requests
2023-04-25 17:29:11,396 INFO server.py function was called: read_requests
2023-04-25 17:29:11,596 INFO server.py function was called: read_requests
2023-04-25 17:29:11,796 INFO server.py function was called: read_requests
2023-04-25 17:29:11,998 INFO server.py function was called: read_requests
2023-04-25 17:29:12,198 INFO server.py function was called: read_requests
2023-04-25 17:29:12,399 INFO server.py function was called: read_requests
2023-04-25 17:29:12,599 INFO server.py function was called: read_requests
2023-04-25 17:29:12,800 INFO server.py function was called: read_requests
2023-04-25 17:29:13,001 INFO server.py function was called: read_requests
2023-04-25 17:29:13,201 INFO server.py function was called: read_requests
2023-04-25 17:29:13,402 INFO server.py function was called: read_requests
2023-04-25 17:29:13,402 INFO server.py function was called: write_responses
2023-04-25 17:29:13,602 INFO server.py function was called: read_requests
2023-04-25 17:29:13,802 INFO server.py function was called: read_requests
2023-04-25 17:29:14,003 INFO server.py function was called: read_requests
2023-04-25 17:29:14,203 INFO server.py function was called: read_requests
2023-04-25 17:29:14,404 INFO server.py function was called: read_requests
2023-04-25 17:29:14,605 INFO server.py function was called: read_requests
2023-04-25 17:29:14,805 INFO server.py function was called: read_requests
2023-04-25 17:29:15,006 INFO server.py function was called: read_requests
2023-04-25 17:29:15,206 INFO server.py function was called: read_requests
2023-04-25 17:29:15,407 INFO server.py function was called: read_requests
2023-04-25 17:29:15,607 INFO server.py function was called: read_requests
2023-04-25 17:29:15,808 INFO server.py function was called: read_requests
2023-04-25 17:29:16,009 INFO server.py function was called: read_requests
2023-04-25 17:29:16,210 INFO server.py function was called: read_requests
2023-04-25 17:29:16,411 INFO server.py function was called: read_requests
2023-04-25 17:29:16,612 INFO server.py function was called: read_requests
2023-04-25 17:29:16,813 INFO server.py function was called: read_requests
2023-04-25 17:29:17,013 INFO server.py function was called: read_requests
2023-04-25 17:29:17,214 INFO server.py function was called: read_requests
2023-04-25 17:29:17,415 INFO server.py function was called: read_requests
2023-04-25 17:29:17,615 INFO server.py function was called: read_requests
2023-04-25 17:29:17,816 INFO server.py function was called: read_requests
2023-04-25 17:29:18,017 INFO server.py function was called: read_requests
2023-04-25 17:29:18,218 INFO server.py function was called: read_requests
2023-04-25 17:29:18,418 INFO server.py function was called: read_requests
2023-04-25 17:29:18,619 INFO server.py function was called: read_requests
2023-04-25 17:29:18,807 INFO server.py function was called: read_requests
